  ADT.cpp
  Book.cpp
C:\Program Files (x86)\Microsoft Visual Studio\2019\Community\VC\Tools\MSVC\14.29.30133\include\xstring(504,23): error C2027: использование неопределенного типа "std::basic_ostream<char,std::char_traits<char>>"
C:\Program Files (x86)\Microsoft Visual Studio\2019\Community\VC\Tools\MSVC\14.29.30133\include\iosfwd(225): message : см. объявление "std::basic_ostream<char,std::char_traits<char>>"
C:\Program Files (x86)\Microsoft Visual Studio\2019\Community\VC\Tools\MSVC\14.29.30133\include\xstring(4983): message : выполняется компиляция ссылки на экземпляр шаблон функции "std::basic_ostream<char,std::char_traits<char>> &std::_Insert_string<char,std::char_traits<char>,unsigned int>(std::basic_ostream<char,std::char_traits<char>> &,const _Elem *const ,const _SizeT)"
          with
          [
              _Elem=char,
              _SizeT=unsigned int
          ]
C:\Users\ShpriZZ\Documents\GitHub\Exercises\Vetrov_VMK20\ADT\ADT\Book.cpp(79): message : выполняется компиляция ссылки на экземпляр шаблон функции "std::basic_ostream<char,std::char_traits<char>> &std::operator <<<char,std::char_traits<char>,std::allocator<char>>(std::basic_ostream<char,std::char_traits<char>> &,const std::basic_string<char,std::char_traits<char>,std::allocator<char>> &)"
C:\Program Files (x86)\Microsoft Visual Studio\2019\Community\VC\Tools\MSVC\14.29.30133\include\xstring(504,1): error C2065: iostate: необъявленный идентификатор
C:\Program Files (x86)\Microsoft Visual Studio\2019\Community\VC\Tools\MSVC\14.29.30133\include\xstring(504,31): error C2146: синтаксическая ошибка: отсутствие ";" перед идентификатором "_State"
C:\Program Files (x86)\Microsoft Visual Studio\2019\Community\VC\Tools\MSVC\14.29.30133\include\xstring(504,31): error C2065: _State: необъявленный идентификатор
C:\Program Files (x86)\Microsoft Visual Studio\2019\Community\VC\Tools\MSVC\14.29.30133\include\xstring(504,49): error C2027: использование неопределенного типа "std::basic_ostream<char,std::char_traits<char>>"
C:\Program Files (x86)\Microsoft Visual Studio\2019\Community\VC\Tools\MSVC\14.29.30133\include\iosfwd(225): message : см. объявление "std::basic_ostream<char,std::char_traits<char>>"
C:\Program Files (x86)\Microsoft Visual Studio\2019\Community\VC\Tools\MSVC\14.29.30133\include\xstring(504,1): error C2065: goodbit: необъявленный идентификатор
C:\Program Files (x86)\Microsoft Visual Studio\2019\Community\VC\Tools\MSVC\14.29.30133\include\xstring(507,1): error C2027: использование неопределенного типа "std::basic_ostream<char,std::char_traits<char>>"
C:\Program Files (x86)\Microsoft Visual Studio\2019\Community\VC\Tools\MSVC\14.29.30133\include\iosfwd(225): message : см. объявление "std::basic_ostream<char,std::char_traits<char>>"
C:\Program Files (x86)\Microsoft Visual Studio\2019\Community\VC\Tools\MSVC\14.29.30133\include\xstring(510,1): error C2027: использование неопределенного типа "std::basic_ostream<char,std::char_traits<char>>"
C:\Program Files (x86)\Microsoft Visual Studio\2019\Community\VC\Tools\MSVC\14.29.30133\include\iosfwd(225): message : см. объявление "std::basic_ostream<char,std::char_traits<char>>"
C:\Program Files (x86)\Microsoft Visual Studio\2019\Community\VC\Tools\MSVC\14.29.30133\include\xstring(513,29): error C2027: использование неопределенного типа "std::basic_ostream<char,std::char_traits<char>>"
C:\Program Files (x86)\Microsoft Visual Studio\2019\Community\VC\Tools\MSVC\14.29.30133\include\iosfwd(225): message : см. объявление "std::basic_ostream<char,std::char_traits<char>>"
C:\Program Files (x86)\Microsoft Visual Studio\2019\Community\VC\Tools\MSVC\14.29.30133\include\xstring(513,1): error C4430: отсутствует спецификатор типа - предполагается int. Примечание. C++ не поддерживает int по умолчанию
C:\Program Files (x86)\Microsoft Visual Studio\2019\Community\VC\Tools\MSVC\14.29.30133\include\xstring(513,36): error C2146: синтаксическая ошибка: отсутствие ";" перед идентификатором "_Ok"
C:\Program Files (x86)\Microsoft Visual Studio\2019\Community\VC\Tools\MSVC\14.29.30133\include\xstring(513,36): error C3861: _Ok: идентификатор не найден
C:\Program Files (x86)\Microsoft Visual Studio\2019\Community\VC\Tools\MSVC\14.29.30133\include\xstring(515,10): error C2065: _Ok: необъявленный идентификатор
C:\Program Files (x86)\Microsoft Visual Studio\2019\Community\VC\Tools\MSVC\14.29.30133\include\xstring(516,9): error C2065: _State: необъявленный идентификатор
C:\Program Files (x86)\Microsoft Visual Studio\2019\Community\VC\Tools\MSVC\14.29.30133\include\xstring(516,28): error C2027: использование неопределенного типа "std::basic_ostream<char,std::char_traits<char>>"
C:\Program Files (x86)\Microsoft Visual Studio\2019\Community\VC\Tools\MSVC\14.29.30133\include\iosfwd(225): message : см. объявление "std::basic_ostream<char,std::char_traits<char>>"
C:\Program Files (x86)\Microsoft Visual Studio\2019\Community\VC\Tools\MSVC\14.29.30133\include\xstring(516,1): error C2065: badbit: необъявленный идентификатор
C:\Program Files (x86)\Microsoft Visual Studio\2019\Community\VC\Tools\MSVC\14.29.30133\include\xstring(519,1): error C2027: использование неопределенного типа "std::basic_ostream<char,std::char_traits<char>>"
C:\Program Files (x86)\Microsoft Visual Studio\2019\Community\VC\Tools\MSVC\14.29.30133\include\iosfwd(225): message : см. объявление "std::basic_ostream<char,std::char_traits<char>>"
C:\Program Files (x86)\Microsoft Visual Studio\2019\Community\VC\Tools\MSVC\14.29.30133\include\xstring(519,39): error C2027: использование неопределенного типа "std::basic_ostream<char,std::char_traits<char>>"
C:\Program Files (x86)\Microsoft Visual Studio\2019\Community\VC\Tools\MSVC\14.29.30133\include\iosfwd(225): message : см. объявление "std::basic_ostream<char,std::char_traits<char>>"
C:\Program Files (x86)\Microsoft Visual Studio\2019\Community\VC\Tools\MSVC\14.29.30133\include\xstring(519,1): error C2065: adjustfield: необъявленный идентификатор
C:\Program Files (x86)\Microsoft Visual Studio\2019\Community\VC\Tools\MSVC\14.29.30133\include\xstring(519,64): error C2027: использование неопределенного типа "std::basic_ostream<char,std::char_traits<char>>"
C:\Program Files (x86)\Microsoft Visual Studio\2019\Community\VC\Tools\MSVC\14.29.30133\include\iosfwd(225): message : см. объявление "std::basic_ostream<char,std::char_traits<char>>"
C:\Program Files (x86)\Microsoft Visual Studio\2019\Community\VC\Tools\MSVC\14.29.30133\include\xstring(519,1): error C2065: left: необъявленный идентификатор
C:\Program Files (x86)\Microsoft Visual Studio\2019\Community\VC\Tools\MSVC\14.29.30133\include\xstring(521,1): error C2027: использование неопределенного типа "std::basic_ostream<char,std::char_traits<char>>"
C:\Program Files (x86)\Microsoft Visual Studio\2019\Community\VC\Tools\MSVC\14.29.30133\include\iosfwd(225): message : см. объявление "std::basic_ostream<char,std::char_traits<char>>"
C:\Program Files (x86)\Microsoft Visual Studio\2019\Community\VC\Tools\MSVC\14.29.30133\include\xstring(521,1): error C2660: std::_Narrow_char_traits<char,int>::eq_int_type: функция не принимает 1 аргументов
C:\Program Files (x86)\Microsoft Visual Studio\2019\Community\VC\Tools\MSVC\14.29.30133\include\xstring(469,38): message : см. объявление "std::_Narrow_char_traits<char,int>::eq_int_type"
C:\Program Files (x86)\Microsoft Visual Studio\2019\Community\VC\Tools\MSVC\14.29.30133\include\xstring(522,21): error C2065: _State: необъявленный идентификатор
C:\Program Files (x86)\Microsoft Visual Studio\2019\Community\VC\Tools\MSVC\14.29.30133\include\xstring(522,40): error C2027: использование неопределенного типа "std::basic_ostream<char,std::char_traits<char>>"
C:\Program Files (x86)\Microsoft Visual Studio\2019\Community\VC\Tools\MSVC\14.29.30133\include\iosfwd(225): message : см. объявление "std::basic_ostream<char,std::char_traits<char>>"
C:\Program Files (x86)\Microsoft Visual Studio\2019\Community\VC\Tools\MSVC\14.29.30133\include\xstring(522,1): error C2065: badbit: необъявленный идентификатор
C:\Program Files (x86)\Microsoft Visual Studio\2019\Community\VC\Tools\MSVC\14.29.30133\include\xstring(528,13): error C2065: _State: необъявленный идентификатор
C:\Program Files (x86)\Microsoft Visual Studio\2019\Community\VC\Tools\MSVC\14.29.30133\include\xstring(528,32): error C2027: использование неопределенного типа "std::basic_ostream<char,std::char_traits<char>>"
C:\Program Files (x86)\Microsoft Visual Studio\2019\Community\VC\Tools\MSVC\14.29.30133\include\iosfwd(225): message : см. объявление "std::basic_ostream<char,std::char_traits<char>>"
C:\Program Files (x86)\Microsoft Visual Studio\2019\Community\VC\Tools\MSVC\14.29.30133\include\xstring(528,1): error C2065: goodbit: необъявленный идентификатор
C:\Program Files (x86)\Microsoft Visual Studio\2019\Community\VC\Tools\MSVC\14.29.30133\include\xstring(529,1): error C2027: использование неопределенного типа "std::basic_ostream<char,std::char_traits<char>>"
C:\Program Files (x86)\Microsoft Visual Studio\2019\Community\VC\Tools\MSVC\14.29.30133\include\iosfwd(225): message : см. объявление "std::basic_ostream<char,std::char_traits<char>>"
C:\Program Files (x86)\Microsoft Visual Studio\2019\Community\VC\Tools\MSVC\14.29.30133\include\xstring(530,13): error C2065: _State: необъявленный идентификатор
C:\Program Files (x86)\Microsoft Visual Studio\2019\Community\VC\Tools\MSVC\14.29.30133\include\xstring(530,32): error C2027: использование неопределенного типа "std::basic_ostream<char,std::char_traits<char>>"
C:\Program Files (x86)\Microsoft Visual Studio\2019\Community\VC\Tools\MSVC\14.29.30133\include\iosfwd(225): message : см. объявление "std::basic_ostream<char,std::char_traits<char>>"
C:\Program Files (x86)\Microsoft Visual Studio\2019\Community\VC\Tools\MSVC\14.29.30133\include\xstring(530,1): error C2065: badbit: необъявленный идентификатор
C:\Program Files (x86)\Microsoft Visual Studio\2019\Community\VC\Tools\MSVC\14.29.30133\include\xstring(533,1): error C2027: использование неопределенного типа "std::basic_ostream<char,std::char_traits<char>>"
C:\Program Files (x86)\Microsoft Visual Studio\2019\Community\VC\Tools\MSVC\14.29.30133\include\iosfwd(225): message : см. объявление "std::basic_ostream<char,std::char_traits<char>>"
C:\Program Files (x86)\Microsoft Visual Studio\2019\Community\VC\Tools\MSVC\14.29.30133\include\xstring(533,1): error C2660: std::_Narrow_char_traits<char,int>::eq_int_type: функция не принимает 1 аргументов
C:\Program Files (x86)\Microsoft Visual Studio\2019\Community\VC\Tools\MSVC\14.29.30133\include\xstring(469,38): message : см. объявление "std::_Narrow_char_traits<char,int>::eq_int_type"
C:\Program Files (x86)\Microsoft Visual Studio\2019\Community\VC\Tools\MSVC\14.29.30133\include\xstring(534,21): error C2065: _State: необъявленный идентификатор
C:\Program Files (x86)\Microsoft Visual Studio\2019\Community\VC\Tools\MSVC\14.29.30133\include\xstring(534,40): error C2027: использование неопределенного типа "std::basic_ostream<char,std::char_traits<char>>"
C:\Program Files (x86)\Microsoft Visual Studio\2019\Community\VC\Tools\MSVC\14.29.30133\include\iosfwd(225): message : см. объявление "std::basic_ostream<char,std::char_traits<char>>"
C:\Program Files (x86)\Microsoft Visual Studio\2019\Community\VC\Tools\MSVC\14.29.30133\include\xstring(534,1): error C2065: badbit: необъявленный идентификатор
C:\Program Files (x86)\Microsoft Visual Studio\2019\Community\VC\Tools\MSVC\14.29.30133\include\xstring(540,1): error C2027: использование неопределенного типа "std::basic_ostream<char,std::char_traits<char>>"
C:\Program Files (x86)\Microsoft Visual Studio\2019\Community\VC\Tools\MSVC\14.29.30133\include\iosfwd(225): message : см. объявление "std::basic_ostream<char,std::char_traits<char>>"
C:\Program Files (x86)\Microsoft Visual Studio\2019\Community\VC\Tools\MSVC\14.29.30133\include\xstring(541,1): error C2027: использование неопределенного типа "std::basic_ostream<char,std::char_traits<char>>"
C:\Program Files (x86)\Microsoft Visual Studio\2019\Community\VC\Tools\MSVC\14.29.30133\include\iosfwd(225): message : см. объявление "std::basic_ostream<char,std::char_traits<char>>"
C:\Program Files (x86)\Microsoft Visual Studio\2019\Community\VC\Tools\MSVC\14.29.30133\include\xstring(541,9): error C2027: использование неопределенного типа "std::basic_ostream<char,std::char_traits<char>>"
C:\Program Files (x86)\Microsoft Visual Studio\2019\Community\VC\Tools\MSVC\14.29.30133\include\iosfwd(225): message : см. объявление "std::basic_ostream<char,std::char_traits<char>>"
C:\Program Files (x86)\Microsoft Visual Studio\2019\Community\VC\Tools\MSVC\14.29.30133\include\xstring(541,1): error C2065: badbit: необъявленный идентификатор
C:\Program Files (x86)\Microsoft Visual Studio\2019\Community\VC\Tools\MSVC\14.29.30133\include\xstring(544,1): error C2027: использование неопределенного типа "std::basic_ostream<char,std::char_traits<char>>"
C:\Program Files (x86)\Microsoft Visual Studio\2019\Community\VC\Tools\MSVC\14.29.30133\include\iosfwd(225): message : см. объявление "std::basic_ostream<char,std::char_traits<char>>"
C:\Program Files (x86)\Microsoft Visual Studio\2019\Community\VC\Tools\MSVC\14.29.30133\include\xstring(544,20): error C2065: _State: необъявленный идентификатор
  Создание кода...
