  L03.cpp
C:\Users\ShpriZZ\Documents\Github\Exercises\Assembler_VMK20\L03\L03\L03.cpp(15,5): error C4235: использовано нестандартное расширение: ключевое слово "__asm" данной архитектурой не поддерживается
C:\Users\ShpriZZ\Documents\Github\Exercises\Assembler_VMK20\L03\L03\L03.cpp(17,9): error C2065: mov: необъявленный идентификатор
C:\Users\ShpriZZ\Documents\Github\Exercises\Assembler_VMK20\L03\L03\L03.cpp(17,13): error C2146: синтаксическая ошибка: отсутствие ";" перед идентификатором "ebx"
C:\Users\ShpriZZ\Documents\Github\Exercises\Assembler_VMK20\L03\L03\L03.cpp(17,13): error C2065: ebx: необъявленный идентификатор
C:\Users\ShpriZZ\Documents\Github\Exercises\Assembler_VMK20\L03\L03\L03.cpp(18,9): error C2065: mov: необъявленный идентификатор
C:\Users\ShpriZZ\Documents\Github\Exercises\Assembler_VMK20\L03\L03\L03.cpp(18,13): error C2146: синтаксическая ошибка: отсутствие ";" перед идентификатором "ax"
C:\Users\ShpriZZ\Documents\Github\Exercises\Assembler_VMK20\L03\L03\L03.cpp(18,13): error C2065: ax: необъявленный идентификатор
C:\Users\ShpriZZ\Documents\Github\Exercises\Assembler_VMK20\L03\L03\L03.cpp(19,9): error C2065: mul: необъявленный идентификатор
C:\Users\ShpriZZ\Documents\Github\Exercises\Assembler_VMK20\L03\L03\L03.cpp(19,13): error C2146: синтаксическая ошибка: отсутствие ";" перед идентификатором "ax"
C:\Users\ShpriZZ\Documents\Github\Exercises\Assembler_VMK20\L03\L03\L03.cpp(19,13): error C2065: ax: необъявленный идентификатор
C:\Users\ShpriZZ\Documents\Github\Exercises\Assembler_VMK20\L03\L03\L03.cpp(21,9): error C2065: cmp: необъявленный идентификатор
C:\Users\ShpriZZ\Documents\Github\Exercises\Assembler_VMK20\L03\L03\L03.cpp(21,13): error C2146: синтаксическая ошибка: отсутствие ";" перед идентификатором "ax"
C:\Users\ShpriZZ\Documents\Github\Exercises\Assembler_VMK20\L03\L03\L03.cpp(21,13): error C2065: ax: необъявленный идентификатор
C:\Users\ShpriZZ\Documents\Github\Exercises\Assembler_VMK20\L03\L03\L03.cpp(21,17): error C2065: bx: необъявленный идентификатор
C:\Users\ShpriZZ\Documents\Github\Exercises\Assembler_VMK20\L03\L03\L03.cpp(22,9): error C2065: jl: необъявленный идентификатор
C:\Users\ShpriZZ\Documents\Github\Exercises\Assembler_VMK20\L03\L03\L03.cpp(22,12): error C2146: синтаксическая ошибка: отсутствие ";" перед идентификатором "First"
C:\Users\ShpriZZ\Documents\Github\Exercises\Assembler_VMK20\L03\L03\L03.cpp(22,12): error C2065: First: необъявленный идентификатор
C:\Users\ShpriZZ\Documents\Github\Exercises\Assembler_VMK20\L03\L03\L03.cpp(23,9): error C2065: je: необъявленный идентификатор
C:\Users\ShpriZZ\Documents\Github\Exercises\Assembler_VMK20\L03\L03\L03.cpp(23,12): error C2146: синтаксическая ошибка: отсутствие ";" перед идентификатором "Second"
C:\Users\ShpriZZ\Documents\Github\Exercises\Assembler_VMK20\L03\L03\L03.cpp(23,12): error C2065: Second: необъявленный идентификатор
C:\Users\ShpriZZ\Documents\Github\Exercises\Assembler_VMK20\L03\L03\L03.cpp(24,9): error C2065: jg: необъявленный идентификатор
C:\Users\ShpriZZ\Documents\Github\Exercises\Assembler_VMK20\L03\L03\L03.cpp(24,12): error C2146: синтаксическая ошибка: отсутствие ";" перед идентификатором "Third"
C:\Users\ShpriZZ\Documents\Github\Exercises\Assembler_VMK20\L03\L03\L03.cpp(24,12): error C2065: Third: необъявленный идентификатор
C:\Users\ShpriZZ\Documents\Github\Exercises\Assembler_VMK20\L03\L03\L03.cpp(27,9): error C2065: mov: необъявленный идентификатор
C:\Users\ShpriZZ\Documents\Github\Exercises\Assembler_VMK20\L03\L03\L03.cpp(27,13): error C2146: синтаксическая ошибка: отсутствие ";" перед идентификатором "cx"
C:\Users\ShpriZZ\Documents\Github\Exercises\Assembler_VMK20\L03\L03\L03.cpp(27,13): error C2065: cx: необъявленный идентификатор
C:\Users\ShpriZZ\Documents\Github\Exercises\Assembler_VMK20\L03\L03\L03.cpp(28,9): error C2065: add: необъявленный идентификатор
C:\Users\ShpriZZ\Documents\Github\Exercises\Assembler_VMK20\L03\L03\L03.cpp(28,13): error C2146: синтаксическая ошибка: отсутствие ";" перед идентификатором "cx"
C:\Users\ShpriZZ\Documents\Github\Exercises\Assembler_VMK20\L03\L03\L03.cpp(28,13): error C2065: cx: необъявленный идентификатор
C:\Users\ShpriZZ\Documents\Github\Exercises\Assembler_VMK20\L03\L03\L03.cpp(29,9): error C2065: mov: необъявленный идентификатор
C:\Users\ShpriZZ\Documents\Github\Exercises\Assembler_VMK20\L03\L03\L03.cpp(29,13): error C2146: синтаксическая ошибка: отсутствие ";" перед идентификатором "ya"
C:\Users\ShpriZZ\Documents\Github\Exercises\Assembler_VMK20\L03\L03\L03.cpp(29,17): error C2065: cx: необъявленный идентификатор
C:\Users\ShpriZZ\Documents\Github\Exercises\Assembler_VMK20\L03\L03\L03.cpp(31,9): error C2065: mov: необъявленный идентификатор
C:\Users\ShpriZZ\Documents\Github\Exercises\Assembler_VMK20\L03\L03\L03.cpp(31,13): error C2146: синтаксическая ошибка: отсутствие ";" перед идентификатором "cx"
C:\Users\ShpriZZ\Documents\Github\Exercises\Assembler_VMK20\L03\L03\L03.cpp(31,13): error C2065: cx: необъявленный идентификатор
C:\Users\ShpriZZ\Documents\Github\Exercises\Assembler_VMK20\L03\L03\L03.cpp(32,9): error C2065: add: необъявленный идентификатор
C:\Users\ShpriZZ\Documents\Github\Exercises\Assembler_VMK20\L03\L03\L03.cpp(32,13): error C2146: синтаксическая ошибка: отсутствие ";" перед идентификатором "cx"
C:\Users\ShpriZZ\Documents\Github\Exercises\Assembler_VMK20\L03\L03\L03.cpp(32,13): error C2065: cx: необъявленный идентификатор
C:\Users\ShpriZZ\Documents\Github\Exercises\Assembler_VMK20\L03\L03\L03.cpp(33,9): error C2065: mov: необъявленный идентификатор
C:\Users\ShpriZZ\Documents\Github\Exercises\Assembler_VMK20\L03\L03\L03.cpp(33,13): error C2146: синтаксическая ошибка: отсутствие ";" перед идентификатором "za"
C:\Users\ShpriZZ\Documents\Github\Exercises\Assembler_VMK20\L03\L03\L03.cpp(33,17): error C2065: cx: необъявленный идентификатор
C:\Users\ShpriZZ\Documents\Github\Exercises\Assembler_VMK20\L03\L03\L03.cpp(35,9): error C2065: mov: необъявленный идентификатор
C:\Users\ShpriZZ\Documents\Github\Exercises\Assembler_VMK20\L03\L03\L03.cpp(35,13): error C2146: синтаксическая ошибка: отсутствие ";" перед идентификатором "cx"
C:\Users\ShpriZZ\Documents\Github\Exercises\Assembler_VMK20\L03\L03\L03.cpp(35,13): error C2065: cx: необъявленный идентификатор
C:\Users\ShpriZZ\Documents\Github\Exercises\Assembler_VMK20\L03\L03\L03.cpp(36,9): error C2065: mov: необъявленный идентификатор
C:\Users\ShpriZZ\Documents\Github\Exercises\Assembler_VMK20\L03\L03\L03.cpp(36,13): error C2146: синтаксическая ошибка: отсутствие ";" перед идентификатором "xa"
C:\Users\ShpriZZ\Documents\Github\Exercises\Assembler_VMK20\L03\L03\L03.cpp(36,17): error C2065: cx: необъявленный идентификатор
C:\Users\ShpriZZ\Documents\Github\Exercises\Assembler_VMK20\L03\L03\L03.cpp(37,9): error C2065: cmp: необъявленный идентификатор
C:\Users\ShpriZZ\Documents\Github\Exercises\Assembler_VMK20\L03\L03\L03.cpp(37,13): error C2146: синтаксическая ошибка: отсутствие ";" перед идентификатором "cx"
C:\Users\ShpriZZ\Documents\Github\Exercises\Assembler_VMK20\L03\L03\L03.cpp(37,13): error C2065: cx: необъявленный идентификатор
C:\Users\ShpriZZ\Documents\Github\Exercises\Assembler_VMK20\L03\L03\L03.cpp(38,9): error C2065: jl: необъявленный идентификатор
C:\Users\ShpriZZ\Documents\Github\Exercises\Assembler_VMK20\L03\L03\L03.cpp(38,12): error C2146: синтаксическая ошибка: отсутствие ";" перед идентификатором "NegativeFirst"
C:\Users\ShpriZZ\Documents\Github\Exercises\Assembler_VMK20\L03\L03\L03.cpp(38,12): error C2065: NegativeFirst: необъявленный идентификатор
C:\Users\ShpriZZ\Documents\Github\Exercises\Assembler_VMK20\L03\L03\L03.cpp(39,9): error C2065: jmp: необъявленный идентификатор
C:\Users\ShpriZZ\Documents\Github\Exercises\Assembler_VMK20\L03\L03\L03.cpp(39,13): error C2146: синтаксическая ошибка: отсутствие ";" перед идентификатором "EndIF"
C:\Users\ShpriZZ\Documents\Github\Exercises\Assembler_VMK20\L03\L03\L03.cpp(39,13): error C2065: EndIF: необъявленный идентификатор
C:\Users\ShpriZZ\Documents\Github\Exercises\Assembler_VMK20\L03\L03\L03.cpp(42,9): error C2065: neg: необъявленный идентификатор
C:\Users\ShpriZZ\Documents\Github\Exercises\Assembler_VMK20\L03\L03\L03.cpp(42,13): error C2146: синтаксическая ошибка: отсутствие ";" перед идентификатором "cx"
C:\Users\ShpriZZ\Documents\Github\Exercises\Assembler_VMK20\L03\L03\L03.cpp(42,13): error C2065: cx: необъявленный идентификатор
C:\Users\ShpriZZ\Documents\Github\Exercises\Assembler_VMK20\L03\L03\L03.cpp(43,9): error C2065: mov: необъявленный идентификатор
C:\Users\ShpriZZ\Documents\Github\Exercises\Assembler_VMK20\L03\L03\L03.cpp(43,13): error C2146: синтаксическая ошибка: отсутствие ";" перед идентификатором "xa"
C:\Users\ShpriZZ\Documents\Github\Exercises\Assembler_VMK20\L03\L03\L03.cpp(43,17): error C2065: cx: необъявленный идентификатор
C:\Users\ShpriZZ\Documents\Github\Exercises\Assembler_VMK20\L03\L03\L03.cpp(44,9): error C2065: jmp: необъявленный идентификатор
C:\Users\ShpriZZ\Documents\Github\Exercises\Assembler_VMK20\L03\L03\L03.cpp(44,13): error C2146: синтаксическая ошибка: отсутствие ";" перед идентификатором "EndIF"
C:\Users\ShpriZZ\Documents\Github\Exercises\Assembler_VMK20\L03\L03\L03.cpp(44,13): error C2065: EndIF: необъявленный идентификатор
C:\Users\ShpriZZ\Documents\Github\Exercises\Assembler_VMK20\L03\L03\L03.cpp(47,9): error C2065: mov: необъявленный идентификатор
C:\Users\ShpriZZ\Documents\Github\Exercises\Assembler_VMK20\L03\L03\L03.cpp(47,13): error C2146: синтаксическая ошибка: отсутствие ";" перед идентификатором "cx"
C:\Users\ShpriZZ\Documents\Github\Exercises\Assembler_VMK20\L03\L03\L03.cpp(47,13): error C2065: cx: необъявленный идентификатор
C:\Users\ShpriZZ\Documents\Github\Exercises\Assembler_VMK20\L03\L03\L03.cpp(48,9): error C2065: add: необъявленный идентификатор
C:\Users\ShpriZZ\Documents\Github\Exercises\Assembler_VMK20\L03\L03\L03.cpp(48,13): error C2146: синтаксическая ошибка: отсутствие ";" перед идентификатором "cx"
C:\Users\ShpriZZ\Documents\Github\Exercises\Assembler_VMK20\L03\L03\L03.cpp(48,13): error C2065: cx: необъявленный идентификатор
C:\Users\ShpriZZ\Documents\Github\Exercises\Assembler_VMK20\L03\L03\L03.cpp(49,9): error C2065: mov: необъявленный идентификатор
C:\Users\ShpriZZ\Documents\Github\Exercises\Assembler_VMK20\L03\L03\L03.cpp(49,13): error C2146: синтаксическая ошибка: отсутствие ";" перед идентификатором "xa"
C:\Users\ShpriZZ\Documents\Github\Exercises\Assembler_VMK20\L03\L03\L03.cpp(49,17): error C2065: cx: необъявленный идентификатор
C:\Users\ShpriZZ\Documents\Github\Exercises\Assembler_VMK20\L03\L03\L03.cpp(51,9): error C2065: mov: необъявленный идентификатор
C:\Users\ShpriZZ\Documents\Github\Exercises\Assembler_VMK20\L03\L03\L03.cpp(51,13): error C2146: синтаксическая ошибка: отсутствие ";" перед идентификатором "cx"
C:\Users\ShpriZZ\Documents\Github\Exercises\Assembler_VMK20\L03\L03\L03.cpp(51,13): error C2065: cx: необъявленный идентификатор
C:\Users\ShpriZZ\Documents\Github\Exercises\Assembler_VMK20\L03\L03\L03.cpp(52,9): error C2065: add: необъявленный идентификатор
C:\Users\ShpriZZ\Documents\Github\Exercises\Assembler_VMK20\L03\L03\L03.cpp(52,13): error C2146: синтаксическая ошибка: отсутствие ";" перед идентификатором "cx"
C:\Users\ShpriZZ\Documents\Github\Exercises\Assembler_VMK20\L03\L03\L03.cpp(52,13): error C2065: cx: необъявленный идентификатор
C:\Users\ShpriZZ\Documents\Github\Exercises\Assembler_VMK20\L03\L03\L03.cpp(53,9): error C2065: mov: необъявленный идентификатор
C:\Users\ShpriZZ\Documents\Github\Exercises\Assembler_VMK20\L03\L03\L03.cpp(53,13): error C2146: синтаксическая ошибка: отсутствие ";" перед идентификатором "za"
C:\Users\ShpriZZ\Documents\Github\Exercises\Assembler_VMK20\L03\L03\L03.cpp(53,17): error C2065: cx: необъявленный идентификатор
C:\Users\ShpriZZ\Documents\Github\Exercises\Assembler_VMK20\L03\L03\L03.cpp(55,9): error C2065: mov: необъявленный идентификатор
C:\Users\ShpriZZ\Documents\Github\Exercises\Assembler_VMK20\L03\L03\L03.cpp(55,13): error C2146: синтаксическая ошибка: отсутствие ";" перед идентификатором "cx"
C:\Users\ShpriZZ\Documents\Github\Exercises\Assembler_VMK20\L03\L03\L03.cpp(55,13): error C2065: cx: необъявленный идентификатор
C:\Users\ShpriZZ\Documents\Github\Exercises\Assembler_VMK20\L03\L03\L03.cpp(56,9): error C2065: mov: необъявленный идентификатор
C:\Users\ShpriZZ\Documents\Github\Exercises\Assembler_VMK20\L03\L03\L03.cpp(56,13): error C2146: синтаксическая ошибка: отсутствие ";" перед идентификатором "ya"
C:\Users\ShpriZZ\Documents\Github\Exercises\Assembler_VMK20\L03\L03\L03.cpp(56,17): error C2065: cx: необъявленный идентификатор
C:\Users\ShpriZZ\Documents\Github\Exercises\Assembler_VMK20\L03\L03\L03.cpp(57,9): error C2065: cmp: необъявленный идентификатор
C:\Users\ShpriZZ\Documents\Github\Exercises\Assembler_VMK20\L03\L03\L03.cpp(57,13): error C2146: синтаксическая ошибка: отсутствие ";" перед идентификатором "cx"
C:\Users\ShpriZZ\Documents\Github\Exercises\Assembler_VMK20\L03\L03\L03.cpp(57,13): error C2065: cx: необъявленный идентификатор
C:\Users\ShpriZZ\Documents\Github\Exercises\Assembler_VMK20\L03\L03\L03.cpp(58,9): error C2065: jl: необъявленный идентификатор
C:\Users\ShpriZZ\Documents\Github\Exercises\Assembler_VMK20\L03\L03\L03.cpp(58,12): error C2146: синтаксическая ошибка: отсутствие ";" перед идентификатором "NegativeSecond"
C:\Users\ShpriZZ\Documents\Github\Exercises\Assembler_VMK20\L03\L03\L03.cpp(58,12): error C2065: NegativeSecond: необъявленный идентификатор
C:\Users\ShpriZZ\Documents\Github\Exercises\Assembler_VMK20\L03\L03\L03.cpp(59,9): error C2065: jmp: необъявленный идентификатор
C:\Users\ShpriZZ\Documents\Github\Exercises\Assembler_VMK20\L03\L03\L03.cpp(59,13): error C2146: синтаксическая ошибка: отсутствие ";" перед идентификатором "EndIF"
C:\Users\ShpriZZ\Documents\Github\Exercises\Assembler_VMK20\L03\L03\L03.cpp(59,13): error C2065: EndIF: необъявленный идентификатор
C:\Users\ShpriZZ\Documents\Github\Exercises\Assembler_VMK20\L03\L03\L03.cpp(62,9): error C2065: neg: необъявленный идентификатор
C:\Users\ShpriZZ\Documents\Github\Exercises\Assembler_VMK20\L03\L03\L03.cpp(62,13): error C2146: синтаксическая ошибка: отсутствие ";" перед идентификатором "cx"
C:\Users\ShpriZZ\Documents\Github\Exercises\Assembler_VMK20\L03\L03\L03.cpp(62,13): error C2065: cx: необъявленный идентификатор
C:\Users\ShpriZZ\Documents\Github\Exercises\Assembler_VMK20\L03\L03\L03.cpp(63,9): error C2065: mov: необъявленный идентификатор
C:\Users\ShpriZZ\Documents\Github\Exercises\Assembler_VMK20\L03\L03\L03.cpp(63,15): fatal error C1003: число ошибок превышает 100; остановка компиляции
