  Matrix.cpp
C:\Users\ShpriZZ\Documents\Github\Exercises\OOP_VMK20\Matrix\TMatrix.h(38,1): error C2678: бинарный "[": не найден оператор, принимающий левый операнд типа "const TMatrix<int>" (или приемлемое преобразование отсутствует)
C:\Users\ShpriZZ\Documents\Github\Exercises\OOP_VMK20\Matrix\TMatrix.h(26,17): message : может быть "std::vector<T,std::allocator<T>> TMatrix<T>::operator [](int)"
          with
          [
              T=int
          ]
C:\Users\ShpriZZ\Documents\Github\Exercises\OOP_VMK20\Matrix\TMatrix.h(38,1): message : при попытке сопоставить список аргументов "(const TMatrix<int>, unsigned int)"
C:\Users\ShpriZZ\Documents\Github\Exercises\OOP_VMK20\Matrix\TMatrix.h(29): message : во время компиляции функции-члена класс шаблон "std::ostream &operator <<(std::ostream &,const TMatrix<int> &)"
C:\Users\ShpriZZ\Documents\Github\Exercises\OOP_VMK20\Matrix\Matrix.cpp(11): message : выполняется компиляция ссылки на экземпляр шаблон функции "std::ostream &operator <<(std::ostream &,const TMatrix<int> &)"
C:\Users\ShpriZZ\Documents\Github\Exercises\OOP_VMK20\Matrix\Matrix.cpp(8): message : выполняется компиляция ссылки на экземпляр класс шаблон функции "TMatrix<int>"
C:\Users\ShpriZZ\Documents\Github\Exercises\OOP_VMK20\Matrix\TMatrix.h(39,13): error C3536: val: не может использоваться до инициализации
C:\Users\ShpriZZ\Documents\Github\Exercises\OOP_VMK20\Matrix\TMatrix.h(48,1): error C2678: бинарный "[": не найден оператор, принимающий левый операнд типа "const TMatrix<int>" (или приемлемое преобразование отсутствует)
C:\Users\ShpriZZ\Documents\Github\Exercises\OOP_VMK20\Matrix\TMatrix.h(26,17): message : может быть "std::vector<T,std::allocator<T>> TMatrix<T>::operator [](int)"
          with
          [
              T=int
          ]
C:\Users\ShpriZZ\Documents\Github\Exercises\OOP_VMK20\Matrix\TMatrix.h(48,1): message : при попытке сопоставить список аргументов "(const TMatrix<int>, unsigned int)"
C:\Users\ShpriZZ\Documents\Github\Exercises\OOP_VMK20\Matrix\TMatrix.h(49,13): error C3536: val: не может использоваться до инициализации
C:\Users\ShpriZZ\Documents\Github\Exercises\OOP_VMK20\Matrix\TMatrix.h(52,1): error C2678: бинарный "[": не найден оператор, принимающий левый операнд типа "const TMatrix<int>" (или приемлемое преобразование отсутствует)
C:\Users\ShpriZZ\Documents\Github\Exercises\OOP_VMK20\Matrix\TMatrix.h(26,17): message : может быть "std::vector<T,std::allocator<T>> TMatrix<T>::operator [](int)"
          with
          [
              T=int
          ]
C:\Users\ShpriZZ\Documents\Github\Exercises\OOP_VMK20\Matrix\TMatrix.h(52,1): message : при попытке сопоставить список аргументов "(const TMatrix<int>, unsigned int)"
C:\Users\ShpriZZ\Documents\Github\Exercises\OOP_VMK20\Matrix\TMatrix.h(55,1): error C2678: бинарный "[": не найден оператор, принимающий левый операнд типа "const TMatrix<int>" (или приемлемое преобразование отсутствует)
C:\Users\ShpriZZ\Documents\Github\Exercises\OOP_VMK20\Matrix\TMatrix.h(26,17): message : может быть "std::vector<T,std::allocator<T>> TMatrix<T>::operator [](int)"
          with
          [
              T=int
          ]
C:\Users\ShpriZZ\Documents\Github\Exercises\OOP_VMK20\Matrix\TMatrix.h(55,1): message : при попытке сопоставить список аргументов "(const TMatrix<int>, unsigned int)"
  templates.cpp
C:\Users\ShpriZZ\Documents\Github\Exercises\OOP_VMK20\Matrix\TMatrix.h(38,1): error C2678: бинарный "[": не найден оператор, принимающий левый операнд типа "const TMatrix<double>" (или приемлемое преобразование отсутствует)
C:\Users\ShpriZZ\Documents\Github\Exercises\OOP_VMK20\Matrix\TMatrix.h(26,17): message : может быть "std::vector<T,std::allocator<T>> TMatrix<T>::operator [](int)"
          with
          [
              T=double
          ]
C:\Users\ShpriZZ\Documents\Github\Exercises\OOP_VMK20\Matrix\TMatrix.h(38,1): message : при попытке сопоставить список аргументов "(const TMatrix<double>, unsigned int)"
C:\Users\ShpriZZ\Documents\Github\Exercises\OOP_VMK20\Matrix\TMatrix.h(29): message : во время компиляции функции-члена класс шаблон "std::ostream &operator <<(std::ostream &,const TMatrix<double> &)"
C:\Users\ShpriZZ\Documents\Github\Exercises\OOP_VMK20\Matrix\templates.cpp(5): message : выполняется компиляция ссылки на экземпляр класс шаблон функции "TMatrix<double>"
C:\Users\ShpriZZ\Documents\Github\Exercises\OOP_VMK20\Matrix\TMatrix.h(39,13): error C3536: val: не может использоваться до инициализации
C:\Users\ShpriZZ\Documents\Github\Exercises\OOP_VMK20\Matrix\TMatrix.h(48,1): error C2678: бинарный "[": не найден оператор, принимающий левый операнд типа "const TMatrix<double>" (или приемлемое преобразование отсутствует)
C:\Users\ShpriZZ\Documents\Github\Exercises\OOP_VMK20\Matrix\TMatrix.h(26,17): message : может быть "std::vector<T,std::allocator<T>> TMatrix<T>::operator [](int)"
          with
          [
              T=double
          ]
C:\Users\ShpriZZ\Documents\Github\Exercises\OOP_VMK20\Matrix\TMatrix.h(48,1): message : при попытке сопоставить список аргументов "(const TMatrix<double>, unsigned int)"
C:\Users\ShpriZZ\Documents\Github\Exercises\OOP_VMK20\Matrix\TMatrix.h(49,13): error C3536: val: не может использоваться до инициализации
C:\Users\ShpriZZ\Documents\Github\Exercises\OOP_VMK20\Matrix\TMatrix.h(52,1): error C2678: бинарный "[": не найден оператор, принимающий левый операнд типа "const TMatrix<double>" (или приемлемое преобразование отсутствует)
C:\Users\ShpriZZ\Documents\Github\Exercises\OOP_VMK20\Matrix\TMatrix.h(26,17): message : может быть "std::vector<T,std::allocator<T>> TMatrix<T>::operator [](int)"
          with
          [
              T=double
          ]
C:\Users\ShpriZZ\Documents\Github\Exercises\OOP_VMK20\Matrix\TMatrix.h(52,1): message : при попытке сопоставить список аргументов "(const TMatrix<double>, unsigned int)"
C:\Users\ShpriZZ\Documents\Github\Exercises\OOP_VMK20\Matrix\TMatrix.h(55,1): error C2678: бинарный "[": не найден оператор, принимающий левый операнд типа "const TMatrix<double>" (или приемлемое преобразование отсутствует)
C:\Users\ShpriZZ\Documents\Github\Exercises\OOP_VMK20\Matrix\TMatrix.h(26,17): message : может быть "std::vector<T,std::allocator<T>> TMatrix<T>::operator [](int)"
          with
          [
              T=double
          ]
C:\Users\ShpriZZ\Documents\Github\Exercises\OOP_VMK20\Matrix\TMatrix.h(55,1): message : при попытке сопоставить список аргументов "(const TMatrix<double>, unsigned int)"
  TMatrix.cpp
  Создание кода...
